app/build/outputs/mapping/release/seeds.txt
com.shreeshyam.app.Application
com.shreeshyam.app.LauncherActivity
com.shreeshyam.app.DelegationService
com.shreeshyam.app.Application: Application()
com.shreeshyam.app.LauncherActivity: LauncherActivity()
com.shreeshyam.app.DelegationService: DelegationService()
...
androidx.lifecycle.Lifecycle$Event: androidx.lifecycle.Lifecycle$Event valueOf(java.lang.String)
androidx.appcompat.widget.ActionBarOverlayLayout: void setWindowTitle(java.lang.CharSequence)
androidx.core.os.BundleCompat$Api33Impl: android.util.SparseArray getSparseParcelableArray(android.os.Bundle,java.lang.String,java.lang.Class)
androidx.appcompat.widget.AppCompatImageView: void setImageDrawable(android.graphics.drawable.Drawable)
androidx.appcompat.widget.AppCompatImageView: android.content.res.ColorStateList getSupportImageTintList()
androidx.appcompat.widget.LinearLayoutCompat: int getBaselineAlignedChildIndex()
androidx.core.view.WindowInsetsCompat$BuilderImpl30: WindowInsetsCompat$BuilderImpl30(androidx.core.view.WindowInsetsCompat)
androidx.core.app.RemoteActionCompatParcelizer: androidx.core.app.RemoteActionCompat read(androidx.versionedparcelable.VersionedParcel)
androidx.core.view.WindowInsetsCompat$Impl21: androidx.core.view.WindowInsetsCompat consumeSystemWindowInsets()
androidx.appcompat.widget.Toolbar: int getContentInsetRight()
androidx.profileinstaller.ProfileInstallReceiver: ProfileInstallReceiver()
androidx.core.view.WindowInsetsCompat$Impl: WindowInsetsCompat$Impl(androidx.core.view.WindowInsetsCompat)
androidx.core.graphics.drawable.DrawableCompat$Api21Impl: void inflate(android.graphics.drawable.Drawable,android.content.res.Resources,org.xmlpull.v1.XmlPullParser,android.util.AttributeSet,android.content.res.Resources$Theme)
androidx.appcompat.widget.AppCompatImageView: void setSupportImageTintList(android.content.res.ColorStateList)
androidx.profileinstaller.ProfileInstallerInitializer$Choreographer16Impl: void postFrameCallback(java.lang.Runnable)
androidx.appcompat.widget.ListPopupWindow$Api24Impl: int getMaxAvailableHeight(android.widget.PopupWindow,android.view.View,int,boolean)
androidx.vectordrawable.graphics.drawable.VectorDrawableCompat$VGroup: java.lang.String getGroupName()
com.google.androidbrowserhelper.trusted.WebViewFallbackActivity: WebViewFallbackActivity()
androidx.appcompat.widget.Toolbar: java.lang.CharSequence getNavigationContentDescription()
androidx.core.content.ContextCompat$Api23Impl: java.lang.String getSystemServiceName(android.content.Context,java.lang.Class)
androidx.core.widget.PopupWindowCompat$Api23Impl: boolean getOverlapAnchor(android.widget.PopupWindow)
androidx.appcompat.widget.AppCompatTextView: void setSupportCompoundDrawablesTintMode(android.graphics.PorterDuff$Mode)
androidx.appcompat.widget.AppCompatImageButton: void setSupportImageTintMode(android.graphics.PorterDuff$Mode)
androidx.core.view.ViewParentCompat$Api21Impl: boolean onNestedFling(android.view.ViewParent,android.view.View,float,float,boolean)
androidx.core.view.MenuItemCompat$Api26Impl: android.view.MenuItem setAlphabeticShortcut(android.view.MenuItem,char,int)
androidx.core.view.ViewCompat$Api29Impl: void setSystemGestureExclusionRects(android.view.View,java.util.List)
androidx.core.widget.TextViewCompat$Api23Impl: void setBreakStrategy(android.widget.TextView,int)
androidx.appcompat.widget.AppCompatTextHelper$Api26Impl: void setAutoSizeTextTypeUniformWithPresetSizes(android.widget.TextView,int[],int)
androidx.core.view.ViewCompat$Api21Impl: androidx.core.view.WindowInsetsCompat computeSystemWindowInsets(android.view.View,androidx.core.view.WindowInsetsCompat,android.graphics.Rect)
androidx.appcompat.widget.Toolbar: android.view.Menu getMenu()
androidx.core.graphics.drawable.IconCompat$Api30Impl: android.graphics.drawable.Icon createWithAdaptiveBitmapContentUri(android.net.Uri)
androidx.vectordrawable.graphics.drawable.VectorDrawableCompat$VGroup: void setTranslateX(float)
androidx.core.widget.TextViewCompat$Api24Impl: android.icu.text.DecimalFormatSymbols getInstance(java.util.Locale)
androidx.core.view.WindowInsetsCompat$Impl20: void setOverriddenInsets(androidx.core.graphics.Insets[])
androidx.appcompat.widget.AppCompatImageButton: void setImageBitmap(android.graphics.Bitmap)